1591693031048	mozrunner::runner	INFO	Running command: "C:\\Program Files\\Mozilla Firefox\\firefox.exe" "-marionette" "-foreground" "-no-remote" "-profile" "C:\\Users\\PAWELG~1\\AppData\\Local\\Temp\\rust_mozprofileDTmkV5"
1591693036387	mozrunner::runner	INFO	Running command: "C:\\Program Files\\Mozilla Firefox\\firefox.exe" "-marionette" "-foreground" "-no-remote" "-profile" "C:\\Users\\PAWELG~1\\AppData\\Local\\Temp\\rust_mozprofileF66iVu"
1591693037541	addons.webextension.doh-rollout@mozilla.org	WARN	Loading extension 'doh-rollout@mozilla.org': Reading manifest: Invalid extension permission: networkStatus
1591693038670	addons.webextension.screenshots@mozilla.org	WARN	Loading extension 'screenshots@mozilla.org': Reading manifest: Invalid extension permission: mozillaAddons
1591693038670	addons.webextension.screenshots@mozilla.org	WARN	Loading extension 'screenshots@mozilla.org': Reading manifest: Invalid extension permission: telemetry
1591693038671	addons.webextension.screenshots@mozilla.org	WARN	Loading extension 'screenshots@mozilla.org': Reading manifest: Invalid extension permission: resource://pdf.js/
1591693038671	addons.webextension.screenshots@mozilla.org	WARN	Loading extension 'screenshots@mozilla.org': Reading manifest: Invalid extension permission: about:reader*
JavaScript error: resource://gre/modules/XULStore.jsm, line 66: Error: Can't find profile directory.
1591693043033	Marionette	INFO	Listening on port 57467
1591693043359	Marionette	WARN	TLS certificate errors will be ignored for this session
1591693052988	Marionette	INFO	Stopped listening on port 57467

###!!! [Child][RunMessage] Error: Channel closing: too late to send/recv, messages will be lost


###!!! [Child][MessageChannel::SendAndWait] Error: Channel error: cannot send/recv

1591693077140	mozrunner::runner	INFO	Running command: "C:\\Program Files\\Mozilla Firefox\\firefox.exe" "-marionette" "-foreground" "-no-remote" "-profile" "C:\\Users\\PAWELG~1\\AppData\\Local\\Temp\\rust_mozprofileo0qy8r"
JavaScript error: resource://gre/modules/XULStore.jsm, line 66: Error: Can't find profile directory.
1591693081084	Marionette	INFO	Listening on port 57568
1591693081351	Marionette	WARN	TLS certificate errors will be ignored for this session

###!!! [Child][RunMessage] Error: Channel closing: too late to send/recv, messages will be lost

1591693099585	Marionette	INFO	Stopped listening on port 57568

###!!! [Child][RunMessage] Error: Channel closing: too late to send/recv, messages will be lost


###!!! [Child][MessageChannel::SendAndWait] Error: Channel error: cannot send/recv

O	Listening on port 57612
1591693091362	Marionette	WARN	TLS certificate errors will be ignored for this session
1591693098789	Marionette	INFO	Stopped listening on port 57612

###!!! [Child][MessageChannel::SendAndWait] Error: Channel error: cannot send/recv

1591693177455	mozrunner::runner	INFO	Running command: "C:\\Program Files\\Mozilla Firefox\\firefox.exe" "-marionette" "-foreground" "-no-remote" "-profile" "C:\\Users\\PAWELG~1\\AppData\\Local\\Temp\\rust_mozprofileSBMGjg"
JavaScript error: resource://gre/modules/XULStore.jsm, line 66: Error: Can't find profile directory.
1591693183129	Marionette	INFO	Listening on port 57670
1591693183327	Marionette	WARN	TLS certificate errors will be ignored for this session
1591693184256	Marionette	INFO	Stopped listening on port 57670
JavaScript error: resource://gre/modules/UrlClassifierListManager.jsm, line 691: TypeError: this.tablesData[table] is undefined

###!!! [Child][RunMessage] Error: Channel closing: too late to send/recv, messages will be lost


###!!! [Child][MessageChannel::SendAndWait] Error: Channel error: cannot send/recv

1591693189397	mozrunner::runner	INFO	Running command: "C:\\Program Files\\Mozilla Firefox\\firefox.exe" "-marionette" "-foreground" "-no-remote" "-profile" "C:\\Users\\PAWELG~1\\AppData\\Local\\Temp\\rust_mozprofile1JYOA4"
JavaScript error: resource://gre/modules/XULStore.jsm, line 66: Error: Can't find profile directory.
1591693194839	Marionette	INFO	Listening on port 57717
1591693195267	Marionette	WARN	TLS certificate errors will be ignored for this session
1591693196527	Marionette	INFO	Stopped listening on port 57717

###!!! [Child][RunMessage] Error: Channel closing: too late to send/recv, messages will be lost


###!!! [Child][MessageChannel::SendAndWait] Error: Channel error: cannot send/recv

1591721967940	mozrunner::runner	INFO	Running command: "C:\\Program Files\\Mozilla Firefox\\firefox.exe" "-marionette" "-foreground" "-no-remote" "-profile" "C:\\Users\\PAWELG~1\\AppData\\Local\\Temp\\rust_mozprofileJTCDGY"
JavaScript error: resource://gre/modules/XULStore.jsm, line 66: Error: Can't find profile directory.
1591721972268	Marionette	INFO	Listening on port 58919
1591721972772	Marionette	WARN	TLS certificate errors will be ignored for this session
1591722109378	Marionette	INFO	Stopped listening on port 58919

###!!! [Child][RunMessage] Error: Channel closing: too late to send/recv, messages will be lost


###!!! [Child][MessageChannel::SendAndWait] Error: Channel error: cannot send/recv

gre/modules/XULStore.jsm, line 66: Error: Can't find profile directory.
1591722009999	Marionette	INFO	Listening on port 58979
1591722010310	Marionette	WARN	TLS certificate errors will be ignored for this session
1591722017991	Marionette	INFO	Stopped listening on port 58979

###!!! [Child][RunMessage] Error: Channel closing: too late to send/recv, messages will be lost


###!!! [Child][MessageChannel::SendAndWait] Error: Channel error: cannot send/recv

1591722092169	mozrunner::runner	INFO	Running command: "C:\\Program Files\\Mozilla Firefox\\firefox.exe" "-marionette" "-foreground" "-no-remote" "-profile" "C:\\Users\\PAWELG~1\\AppData\\Local\\Temp\\rust_mozprofilecrm9rc"
JavaScript error: resource://gre/modules/XULStore.jsm, line 66: Error: Can't find profile directory.
1591722095966	Marionette	INFO	Listening on port 59041
1591722096347	Marionette	WARN	TLS certificate errors will be ignored for this session
1591722101271	Marionette	INFO	Stopped listening on port 59041

###!!! [Child][RunMessage] Error: Channel closing: too late to send/recv, messages will be lost


###!!! [Child][MessageChannel::SendAndWait] Error: Channel error: cannot send/recv

1591722221136	mozrunner::runner	INFO	Running command: "C:\\Program Files\\Mozilla Firefox\\firefox.exe" "-marionette" "-foreground" "-no-remote" "-profile" "C:\\Users\\PAWELG~1\\AppData\\Local\\Temp\\rust_mozprofileGYtIrk"
JavaScript error: resource://gre/modules/XULStore.jsm, line 66: Error: Can't find profile directory.
1591722226429	Marionette	INFO	Listening on port 59099
1591722226516	Marionette	WARN	TLS certificate errors will be ignored for this session
1591722233374	Marionette	INFO	Stopped listening on port 59099

###!!! [Child][RunMessage] Error: Channel closing: too late to send/recv, messages will be lost


###!!! [Child][MessageChannel::SendAndWait] Error: Channel error: cannot send/recv

1591722251197	mozrunner::runner	INFO	Running command: "C:\\Program Files\\Mozilla Firefox\\firefox.exe" "-marionette" "-foreground" "-no-remote" "-profile" "C:\\Users\\PAWELG~1\\AppData\\Local\\Temp\\rust_mozprofileIMx51S"
JavaScript error: resource://gre/modules/XULStore.jsm, line 66: Error: Can't find profile directory.
1591722256318	Marionette	INFO	Listening on port 59152
1591722256535	Marionette	WARN	TLS certificate errors will be ignored for this session
1591722263196	Marionette	INFO	Stopped listening on port 59152

###!!! [Child][RunMessage] Error: Channel closing: too late to send/recv, messages will be lost


###!!! [Child][MessageChannel::SendAndWait] Error: Channel error: cannot send/recv

1591777899640	mozrunner::runner	INFO	Running command: "C:\\Program Files\\Mozilla Firefox\\firefox.exe" "-marionette" "-foreground" "-no-remote" "-profile" "C:\\Users\\PAWELG~1\\AppData\\Local\\Temp\\rust_mozprofileCa88ry"
JavaScript error: resource://gre/modules/XULStore.jsm, line 66: Error: Can't find profile directory.
1591777904771	Marionette	INFO	Listening on port 52608
1591777904971	Marionette	WARN	TLS certificate errors will be ignored for this session
1591777913505	Marionette	INFO	Stopped listening on port 52608

###!!! [Child][RunMessage] Error: Channel closing: too late to send/recv, messages will be lost


###!!! [Child][MessageChannel::SendAndWait] Error: Channel error: cannot send/recv

1591777936510	mozrunner::runner	INFO	Running command: "C:\\Program Files\\Mozilla Firefox\\firefox.exe" "-marionette" "-foreground" "-no-remote" "-profile" "C:\\Users\\PAWELG~1\\AppData\\Local\\Temp\\rust_mozprofilewDzgcR"
JavaScript error: resource://gre/modules/XULStore.jsm, line 66: Error: Can't find profile directory.
1591777940647	Marionette	INFO	Listening on port 52665
1591777940711	Marionette	WARN	TLS certificate errors will be ignored for this session
1591777952228	Marionette	INFO	Stopped listening on port 52665

###!!! [Child][RunMessage] Error: Channel closing: too late to send/recv, messages will be lost


###!!! [Child][MessageChannel::SendAndWait] Error: Channel error: cannot send/recv

1591778073033	mozrunner::runner	INFO	Running command: "C:\\Program Files\\Mozilla Firefox\\firefox.exe" "-marionette" "-foreground" "-no-remote" "-profile" "C:\\Users\\PAWELG~1\\AppData\\Local\\Temp\\rust_mozprofile7nnAsl"
JavaScript error: resource://gre/modules/XULStore.jsm, line 66: Error: Can't find profile directory.
1591778077021	Marionette	INFO	Listening on port 52730
1591778077212	Marionette	WARN	TLS certificate errors will be ignored for this session
1591778082114	Marionette	INFO	Stopped listening on port 52730

###!!! [Child][RunMessage] Error: Channel closing: too late to send/recv, messages will be lost


###!!! [Child][MessageChannel::SendAndWait] Error: Channel error: cannot send/recv

1591778121817	mozrunner::runner	INFO	Running command: "C:\\Program Files\\Mozilla Firefox\\firefox.exe" "-marionette" "-foreground" "-no-remote" "-profile" "C:\\Users\\PAWELG~1\\AppData\\Local\\Temp\\rust_mozprofileT3L7EL"
JavaScript error: resource://gre/modules/XULStore.jsm, line 66: Error: Can't find profile directory.
1591778125731	Marionette	INFO	Listening on port 52788
1591778126025	Marionette	WARN	TLS certificate errors will be ignored for this session
1591778131869	Marionette	INFO	Stopped listening on port 52788

###!!! [Child][RunMessage] Error: Channel closing: too late to send/recv, messages will be lost


###!!! [Child][MessageChannel::SendAndWait] Error: Channel error: cannot send/recv

1591778448058	mozrunner::runner	INFO	Running command: "C:\\Program Files\\Mozilla Firefox\\firefox.exe" "-marionette" "-foreground" "-no-remote" "-profile" "C:\\Users\\PAWELG~1\\AppData\\Local\\Temp\\rust_mozprofile8O6CGk"
JavaScript error: resource://gre/modules/XULStore.jsm, line 66: Error: Can't find profile directory.
1591778452428	Marionette	INFO	Listening on port 52857
1591778452889	Marionette	WARN	TLS certificate errors will be ignored for this session
1591778506119	Marionette	INFO	Stopped listening on port 52857

###!!! [Child][RunMessage] Error: Channel closing: too late to send/recv, messages will be lost


###!!! [Child][MessageChannel::SendAndWait] Error: Channel error: cannot send/recv

1591778619311	mozrunner::runner	INFO	Running command: "C:\\Program Files\\Mozilla Firefox\\firefox.exe" "-marionette" "-foreground" "-no-remote" "-profile" "C:\\Users\\PAWELG~1\\AppData\\Local\\Temp\\rust_mozprofilezKjKG7"
JavaScript error: resource://gre/modules/XULStore.jsm, line 66: Error: Can't find profile directory.
1591778623212	Marionette	INFO	Listening on port 52914
1591778623501	Marionette	WARN	TLS certificate errors will be ignored for this session
1591778639449	Marionette	INFO	Stopped listening on port 52914

###!!! [Child][RunMessage] Error: Channel closing: too late to send/recv, messages will be lost


###!!! [Child][MessageChannel::SendAndWait] Error: Channel error: cannot send/recv

1592035838973	mozrunner::runner	INFO	Running command: "C:\\Program Files\\Mozilla Firefox\\firefox.exe" "-marionette" "-foreground" "-no-remote" "-profile" "C:\\Users\\PAWELG~1\\AppData\\Local\\Temp\\rust_mozprofileK5Mn2b"
JavaScript error: resource://gre/modules/XULStore.jsm, line 66: Error: Can't find profile directory.
1592035843050	Marionette	INFO	Listening on port 54294
1592035843197	Marionette	WARN	TLS certificate errors will be ignored for this session
1592035848797	Marionette	INFO	Stopped listening on port 54294

###!!! [Child][RunMessage] Error: Channel closing: too late to send/recv, messages will be lost


###!!! [Child][MessageChannel::SendAndWait] Error: Channel error: cannot send/recv

1592036116558	mozrunner::runner	INFO	Running command: "C:\\Program Files\\Mozilla Firefox\\firefox.exe" "-marionette" "-foreground" "-no-remote" "-profile" "C:\\Users\\PAWELG~1\\AppData\\Local\\Temp\\rust_mozprofile2QbepG"
JavaScript error: resource://gre/modules/XULStore.jsm, line 66: Error: Can't find profile directory.
1592036120283	Marionette	INFO	Listening on port 54352
1592036120772	Marionette	WARN	TLS certificate errors will be ignored for this session
1592036126527	Marionette	INFO	Stopped listening on port 54352

###!!! [Child][RunMessage] Error: Channel closing: too late to send/recv, messages will be lost


###!!! [Child][MessageChannel::SendAndWait] Error: Channel error: cannot send/recv

1592036170138	mozrunner::runner	INFO	Running command: "C:\\Program Files\\Mozilla Firefox\\firefox.exe" "-marionette" "-foreground" "-no-remote" "-profile" "C:\\Users\\PAWELG~1\\AppData\\Local\\Temp\\rust_mozprofile1ciYw3"
JavaScript error: resource://gre/modules/XULStore.jsm, line 66: Error: Can't find profile directory.
1592036173890	Marionette	INFO	Listening on port 54413
1592036174319	Marionette	WARN	TLS certificate errors will be ignored for this session
1592036180050	Marionette	INFO	Stopped listening on port 54413

###!!! [Child][RunMessage] Error: Channel closing: too late to send/recv, messages will be lost


###!!! [Child][MessageChannel::SendAndWait] Error: Channel error: cannot send/recv

1592036248708	mozrunner::runner	INFO	Running command: "C:\\Program Files\\Mozilla Firefox\\firefox.exe" "-marionette" "-foreground" "-no-remote" "-profile" "C:\\Users\\PAWELG~1\\AppData\\Local\\Temp\\rust_mozprofilecyLwGQ"
JavaScript error: resource://gre/modules/XULStore.jsm, line 66: Error: Can't find profile directory.
1592036252099	Marionette	INFO	Listening on port 54470
1592036252370	Marionette	WARN	TLS certificate errors will be ignored for this session
1592036258112	Marionette	INFO	Stopped listening on port 54470

###!!! [Child][RunMessage] Error: Channel closing: too late to send/recv, messages will be lost


###!!! [Child][MessageChannel::SendAndWait] Error: Channel error: cannot send/recv

1592210250385	mozrunner::runner	INFO	Running command: "C:\\Program Files\\Mozilla Firefox\\firefox.exe" "-marionette" "-foreground" "-no-remote" "-profile" "C:\\Users\\PAWELG~1\\AppData\\Local\\Temp\\rust_mozprofileZiOGjh"
JavaScript error: resource://gre/modules/XULStore.jsm, line 66: Error: Can't find profile directory.
1592210255071	Marionette	INFO	Listening on port 61562
1592210255206	Marionette	WARN	TLS certificate errors will be ignored for this session
1592210261340	Marionette	INFO	Stopped listening on port 61562

###!!! [Child][MessageChannel] Error: (msgtype=0x59000D,name=PHttpChannel::Msg_DeletingChannel) Channel closing: too late to send/recv, messages will be lost


###!!! [Child][MessageChannel] Error: (msgtype=0x59000D,name=PHttpChannel::Msg_DeletingChannel) Channel closing: too late to send/recv, messages will be lost


###!!! [Child][MessageChannel] Error: (msgtype=0x59000D,name=PHttpChannel::Msg_DeletingChannel) Channel closing: too late to send/recv, messages will be lost


###!!! [Child][RunMessage] Error: Channel closing: too late to send/recv, messages will be lost


###!!! [Child][MessageChannel::SendAndWait] Error: Channel error: cannot send/recv

1592299802579	mozrunner::runner	INFO	Running command: "C:\\Program Files\\Mozilla Firefox\\firefox.exe" "-marionette" "-foreground" "-no-remote" "-profile" "C:\\Users\\PAWELG~1\\AppData\\Local\\Temp\\rust_mozprofilek7rUi7"
JavaScript error: resource://gre/modules/XULStore.jsm, line 66: Error: Can't find profile directory.
1592299806423	Marionette	INFO	Listening on port 58535
1592299806771	Marionette	WARN	TLS certificate errors will be ignored for this session
1592299809525	Marionette	INFO	Stopped listening on port 58535

###!!! [Child][RunMessage] Error: Channel closing: too late to send/recv, messages will be lost


###!!! [Child][MessageChannel::SendAndWait] Error: Channel error: cannot send/recv

1592299813573	mozrunner::runner	INFO	Running command: "C:\\Program Files\\Mozilla Firefox\\firefox.exe" "-marionette" "-foreground" "-no-remote" "-profile" "C:\\Users\\PAWELG~1\\AppData\\Local\\Temp\\rust_mozprofileYtmbFi"
JavaScript error: resource://gre/modules/XULStore.jsm, line 66: Error: Can't find profile directory.
1592299817055	Marionette	INFO	Listening on port 58586
1592299817250	Marionette	WARN	TLS certificate errors will be ignored for this session
1592299822185	Marionette	INFO	Stopped listening on port 58586

###!!! [Child][RunMessage] Error: Channel closing: too late to send/recv, messages will be lost


###!!! [Child][MessageChannel::SendAndWait] Error: Channel error: cannot send/recv

